2026-06-29T17:11:38.960+09:00  INFO 804 --- [gallery] [main] com.kb.gallery.GalleryApplication        : Starting GalleryApplication using Java 17 with PID 804 (C:\Users\student\Desktop\DR_workspace\22_spring\gallery\build\classes\java\main started by student in C:\Users\student\Desktop\DR_workspace\22_spring\gallery)
2026-06-29T17:11:38.962+09:00 DEBUG 804 --- [gallery] [main] com.kb.gallery.GalleryApplication        : Running with Spring Boot v3.5.16, Spring v6.2.19
2026-06-29T17:11:38.962+09:00  INFO 804 --- [gallery] [main] com.kb.gallery.GalleryApplication        : No active profile set, falling back to 1 default profile: "default"
2026-06-29T17:11:39.570+09:00  INFO 804 --- [gallery] [main] .s.d.r.c.RepositoryConfigurationDelegate : Bootstrapping Spring Data JPA repositories in DEFAULT mode.
2026-06-29T17:11:39.621+09:00  INFO 804 --- [gallery] [main] .s.d.r.c.RepositoryConfigurationDelegate : Finished Spring Data repository scanning in 43 ms. Found 1 JPA repository interface.
2026-06-29T17:11:40.025+09:00  INFO 804 --- [gallery] [main] o.s.b.w.embedded.tomcat.TomcatWebServer  : Tomcat initialized with port 8080 (http)
2026-06-29T17:11:40.049+09:00  INFO 804 --- [gallery] [main] o.apache.catalina.core.StandardService   : Starting service [Tomcat]
2026-06-29T17:11:40.049+09:00  INFO 804 --- [gallery] [main] o.apache.catalina.core.StandardEngine    : Starting Servlet engine: [Apache Tomcat/10.1.55]
2026-06-29T17:11:40.092+09:00  INFO 804 --- [gallery] [main] o.a.c.c.C.[Tomcat].[localhost].[/]       : Initializing Spring embedded WebApplicationContext
2026-06-29T17:11:40.092+09:00  INFO 804 --- [gallery] [main] w.s.c.ServletWebServerApplicationContext : Root WebApplicationContext: initialization completed in 1094 ms
2026-06-29T17:11:40.220+09:00  INFO 804 --- [gallery] [main] com.zaxxer.hikari.HikariDataSource       : HikariPool-1 - Starting...
2026-06-29T17:11:40.370+09:00  INFO 804 --- [gallery] [main] com.zaxxer.hikari.pool.HikariPool        : HikariPool-1 - Added connection com.mysql.cj.jdbc.ConnectionImpl@52bd9a27
2026-06-29T17:11:40.371+09:00  INFO 804 --- [gallery] [main] com.zaxxer.hikari.HikariDataSource       : HikariPool-1 - Start completed.
2026-06-29T17:11:40.401+09:00  INFO 804 --- [gallery] [main] o.hibernate.jpa.internal.util.LogHelper  : HHH000204: Processing PersistenceUnitInfo [name: default]
2026-06-29T17:11:40.440+09:00  INFO 804 --- [gallery] [main] org.hibernate.Version                    : HHH000412: Hibernate ORM core version 6.6.53.Final
2026-06-29T17:11:40.466+09:00  INFO 804 --- [gallery] [main] o.h.c.internal.RegionFactoryInitiator    : HHH000026: Second-level cache disabled
2026-06-29T17:11:40.843+09:00  INFO 804 --- [gallery] [main] o.s.o.j.p.SpringPersistenceUnitInfo      : No LoadTimeWeaver setup: ignoring JPA class transformer
2026-06-29T17:11:40.975+09:00  INFO 804 --- [gallery] [main] org.hibernate.orm.connections.pooling    : HHH10001005: Database info:
	Database JDBC URL [Connecting through datasource 'HikariDataSource (HikariPool-1)']
	Database driver: undefined/unknown
	Database version: 8.0.33
	Autocommit mode: undefined/unknown
	Isolation level: undefined/unknown
	Minimum pool size: undefined/unknown
	Maximum pool size: undefined/unknown
2026-06-29T17:11:41.676+09:00  INFO 804 --- [gallery] [main] o.h.e.t.j.p.i.JtaPlatformInitiator       : HHH000489: No JTA platform available (set 'hibernate.transaction.jta.platform' to enable JTA platform integration)
2026-06-29T17:11:41.679+09:00  INFO 804 --- [gallery] [main] j.LocalContainerEntityManagerFactoryBean : Initialized JPA EntityManagerFactory for persistence unit 'default'
2026-06-29T17:11:41.857+09:00  WARN 804 --- [gallery] [main] ConfigServletWebServerApplicationContext : Exception encountered during context initialization - cancelling refresh attempt: org.springframework.beans.factory.UnsatisfiedDependencyException: Error creating bean with name 'itemController' defined in file [C:\Users\student\Desktop\DR_workspace\22_spring\gallery\build\classes\java\main\com\kb\gallery\item\controller\ItemController.class]: Unsatisfied dependency expressed through constructor parameter 0: Error creating bean with name 'baseItemService' defined in file [C:\Users\student\Desktop\DR_workspace\22_spring\gallery\build\classes\java\main\com\kb\gallery\item\service\BaseItemService.class]: Unsatisfied dependency expressed through constructor parameter 0: Error creating bean with name 'itemRepository' defined in com.kb.gallery.item.repository.ItemRepository defined in @EnableJpaRepositories declared on JpaRepositoriesRegistrar.EnableJpaRepositoriesConfiguration: Could not create query for public abstract java.util.List com.kb.gallery.item.repository.ItemRepository.findAllById(java.util.List); Reason: Failed to create query for method public abstract java.util.List com.kb.gallery.item.repository.ItemRepository.findAllById(java.util.List); Operator SIMPLE_PROPERTY on id requires a scalar argument, found interface java.util.List in method public abstract java.util.List com.kb.gallery.item.repository.ItemRepository.findAllById(java.util.List)
2026-06-29T17:11:41.857+09:00  INFO 804 --- [gallery] [main] j.LocalContainerEntityManagerFactoryBean : Closing JPA EntityManagerFactory for persistence unit 'default'
2026-06-29T17:11:41.860+09:00  INFO 804 --- [gallery] [main] com.zaxxer.hikari.HikariDataSource       : HikariPool-1 - Shutdown initiated...
2026-06-29T17:11:41.869+09:00  INFO 804 --- [gallery] [main] com.zaxxer.hikari.HikariDataSource       : HikariPool-1 - Shutdown completed.
2026-06-29T17:11:41.871+09:00  INFO 804 --- [gallery] [main] o.apache.catalina.core.StandardService   : Stopping service [Tomcat]
2026-06-29T17:11:41.881+09:00  INFO 804 --- [gallery] [main] .s.b.a.l.ConditionEvaluationReportLogger : 

Error starting ApplicationContext. To display the condition evaluation report re-run your application with 'debug' enabled.
2026-06-29T17:11:41.897+09:00 ERROR 804 --- [gallery] [main] o.s.boot.SpringApplication               : Application run failed

org.springframework.beans.factory.UnsatisfiedDependencyException: Error creating bean with name 'itemController' defined in file [C:\Users\student\Desktop\DR_workspace\22_spring\gallery\build\classes\java\main\com\kb\gallery\item\controller\ItemController.class]: Unsatisfied dependency expressed through constructor parameter 0: Error creating bean with name 'baseItemService' defined in file [C:\Users\student\Desktop\DR_workspace\22_spring\gallery\build\classes\java\main\com\kb\gallery\item\service\BaseItemService.class]: Unsatisfied dependency expressed through constructor parameter 0: Error creating bean with name 'itemRepository' defined in com.kb.gallery.item.repository.ItemRepository defined in @EnableJpaRepositories declared on JpaRepositoriesRegistrar.EnableJpaRepositoriesConfiguration: Could not create query for public abstract java.util.List com.kb.gallery.item.repository.ItemRepository.findAllById(java.util.List); Reason: Failed to create query for method public abstract java.util.List com.kb.gallery.item.repository.ItemRepository.findAllById(java.util.List); Operator SIMPLE_PROPERTY on id requires a scalar argument, found interface java.util.List in method public abstract java.util.List com.kb.gallery.item.repository.ItemRepository.findAllById(java.util.List)
	at org.springframework.beans.factory.support.ConstructorResolver.createArgumentArray(ConstructorResolver.java:804) ~[spring-beans-6.2.19.jar:6.2.19]
	at org.springframework.beans.factory.support.ConstructorResolver.autowireConstructor(ConstructorResolver.java:240) ~[spring-beans-6.2.19.jar:6.2.19]
	at org.springframework.beans.factory.support.AbstractAutowireCapableBeanFactory.autowireConstructor(AbstractAutowireCapableBeanFactory.java:1393) ~[spring-beans-6.2.19.jar:6.2.19]
	at org.springframework.beans.factory.support.AbstractAutowireCapableBeanFactory.createBeanInstance(AbstractAutowireCapableBeanFactory.java:1230) ~[spring-beans-6.2.19.jar:6.2.19]
	at org.springframework.beans.factory.support.AbstractAutowireCapableBeanFactory.doCreateBean(AbstractAutowireCapableBeanFactory.java:569) ~[spring-beans-6.2.19.jar:6.2.19]
	at org.springframework.beans.factory.support.AbstractAutowireCapableBeanFactory.createBean(AbstractAutowireCapableBeanFactory.java:529) ~[spring-beans-6.2.19.jar:6.2.19]
	at org.springframework.beans.factory.support.AbstractBeanFactory.lambda$doGetBean$0(AbstractBeanFactory.java:339) ~[spring-beans-6.2.19.jar:6.2.19]
	at org.springframework.beans.factory.support.DefaultSingletonBeanRegistry.getSingleton(DefaultSingletonBeanRegistry.java:373) ~[spring-beans-6.2.19.jar:6.2.19]
	at org.springframework.beans.factory.support.AbstractBeanFactory.doGetBean(AbstractBeanFactory.java:337) ~[spring-beans-6.2.19.jar:6.2.19]
	at org.springframework.beans.factory.support.AbstractBeanFactory.getBean(AbstractBeanFactory.java:202) ~[spring-beans-6.2.19.jar:6.2.19]
	at org.springframework.beans.factory.support.DefaultListableBeanFactory.instantiateSingleton(DefaultListableBeanFactory.java:1235) ~[spring-beans-6.2.19.jar:6.2.19]
	at org.springframework.beans.factory.support.DefaultListableBeanFactory.preInstantiateSingleton(DefaultListableBeanFactory.java:1201) ~[spring-beans-6.2.19.jar:6.2.19]
	at org.springframework.beans.factory.support.DefaultListableBeanFactory.preInstantiateSingletons(DefaultListableBeanFactory.java:1130) ~[spring-beans-6.2.19.jar:6.2.19]
	at org.springframework.context.support.AbstractApplicationContext.finishBeanFactoryInitialization(AbstractApplicationContext.java:991) ~[spring-context-6.2.19.jar:6.2.19]
	at org.springframework.context.support.AbstractApplicationContext.refresh(AbstractApplicationContext.java:628) ~[spring-context-6.2.19.jar:6.2.19]
	at org.springframework.boot.web.servlet.context.ServletWebServerApplicationContext.refresh(ServletWebServerApplicationContext.java:146) ~[spring-boot-3.5.16.jar:3.5.16]
	at org.springframework.boot.SpringApplication.refresh(SpringApplication.java:752) ~[spring-boot-3.5.16.jar:3.5.16]
	at org.springframework.boot.SpringApplication.refreshContext(SpringApplication.java:439) ~[spring-boot-3.5.16.jar:3.5.16]
	at org.springframework.boot.SpringApplication.run(SpringApplication.java:318) ~[spring-boot-3.5.16.jar:3.5.16]
	at org.springframework.boot.SpringApplication.run(SpringApplication.java:1361) ~[spring-boot-3.5.16.jar:3.5.16]
	at org.springframework.boot.SpringApplication.run(SpringApplication.java:1350) ~[spring-boot-3.5.16.jar:3.5.16]
	at com.kb.gallery.GalleryApplication.main(GalleryApplication.java:10) ~[main/:na]
Caused by: org.springframework.beans.factory.UnsatisfiedDependencyException: Error creating bean with name 'baseItemService' defined in file [C:\Users\student\Desktop\DR_workspace\22_spring\gallery\build\classes\java\main\com\kb\gallery\item\service\BaseItemService.class]: Unsatisfied dependency expressed through constructor parameter 0: Error creating bean with name 'itemRepository' defined in com.kb.gallery.item.repository.ItemRepository defined in @EnableJpaRepositories declared on JpaRepositoriesRegistrar.EnableJpaRepositoriesConfiguration: Could not create query for public abstract java.util.List com.kb.gallery.item.repository.ItemRepository.findAllById(java.util.List); Reason: Failed to create query for method public abstract java.util.List com.kb.gallery.item.repository.ItemRepository.findAllById(java.util.List); Operator SIMPLE_PROPERTY on id requires a scalar argument, found interface java.util.List in method public abstract java.util.List com.kb.gallery.item.repository.ItemRepository.findAllById(java.util.List)
	at org.springframework.beans.factory.support.ConstructorResolver.createArgumentArray(ConstructorResolver.java:804) ~[spring-beans-6.2.19.jar:6.2.19]
	at org.springframework.beans.factory.support.ConstructorResolver.autowireConstructor(ConstructorResolver.java:240) ~[spring-beans-6.2.19.jar:6.2.19]
	at org.springframework.beans.factory.support.AbstractAutowireCapableBeanFactory.autowireConstructor(AbstractAutowireCapableBeanFactory.java:1393) ~[spring-beans-6.2.19.jar:6.2.19]
	at org.springframework.beans.factory.support.AbstractAutowireCapableBeanFactory.createBeanInstance(AbstractAutowireCapableBeanFactory.java:1230) ~[spring-beans-6.2.19.jar:6.2.19]
	at org.springframework.beans.factory.support.AbstractAutowireCapableBeanFactory.doCreateBean(AbstractAutowireCapableBeanFactory.java:569) ~[spring-beans-6.2.19.jar:6.2.19]
	at org.springframework.beans.factory.support.AbstractAutowireCapableBeanFactory.createBean(AbstractAutowireCapableBeanFactory.java:529) ~[spring-beans-6.2.19.jar:6.2.19]
	at org.springframework.beans.factory.support.AbstractBeanFactory.lambda$doGetBean$0(AbstractBeanFactory.java:339) ~[spring-beans-6.2.19.jar:6.2.19]
	at org.springframework.beans.factory.support.DefaultSingletonBeanRegistry.getSingleton(DefaultSingletonBeanRegistry.java:373) ~[spring-beans-6.2.19.jar:6.2.19]
	at org.springframework.beans.factory.support.AbstractBeanFactory.doGetBean(AbstractBeanFactory.java:337) ~[spring-beans-6.2.19.jar:6.2.19]
	at org.springframework.beans.factory.support.AbstractBeanFactory.getBean(AbstractBeanFactory.java:202) ~[spring-beans-6.2.19.jar:6.2.19]
	at org.springframework.beans.factory.config.DependencyDescriptor.resolveCandidate(DependencyDescriptor.java:254) ~[spring-beans-6.2.19.jar:6.2.19]
	at org.springframework.beans.factory.support.DefaultListableBeanFactory.doResolveDependency(DefaultListableBeanFactory.java:1777) ~[spring-beans-6.2.19.jar:6.2.19]
	at org.springframework.beans.factory.support.DefaultListableBeanFactory.resolveDependency(DefaultListableBeanFactory.java:1660) ~[spring-beans-6.2.19.jar:6.2.19]
	at org.springframework.beans.factory.support.ConstructorResolver.resolveAutowiredArgument(ConstructorResolver.java:913) ~[spring-beans-6.2.19.jar:6.2.19]
	at org.springframework.beans.factory.support.ConstructorResolver.createArgumentArray(ConstructorResolver.java:791) ~[spring-beans-6.2.19.jar:6.2.19]
	... 21 common frames omitted
Caused by: org.springframework.beans.factory.BeanCreationException: Error creating bean with name 'itemRepository' defined in com.kb.gallery.item.repository.ItemRepository defined in @EnableJpaRepositories declared on JpaRepositoriesRegistrar.EnableJpaRepositoriesConfiguration: Could not create query for public abstract java.util.List com.kb.gallery.item.repository.ItemRepository.findAllById(java.util.List); Reason: Failed to create query for method public abstract java.util.List com.kb.gallery.item.repository.ItemRepository.findAllById(java.util.List); Operator SIMPLE_PROPERTY on id requires a scalar argument, found interface java.util.List in method public abstract java.util.List com.kb.gallery.item.repository.ItemRepository.findAllById(java.util.List)
	at org.springframework.beans.factory.support.AbstractAutowireCapableBeanFactory.initializeBean(AbstractAutowireCapableBeanFactory.java:1824) ~[spring-beans-6.2.19.jar:6.2.19]
	at org.springframework.beans.factory.support.AbstractAutowireCapableBeanFactory.doCreateBean(AbstractAutowireCapableBeanFactory.java:607) ~[spring-beans-6.2.19.jar:6.2.19]
	at org.springframework.beans.factory.support.AbstractAutowireCapableBeanFactory.createBean(AbstractAutowireCapableBeanFactory.java:529) ~[spring-beans-6.2.19.jar:6.2.19]
	at org.springframework.beans.factory.support.AbstractBeanFactory.lambda$doGetBean$0(AbstractBeanFactory.java:339) ~[spring-beans-6.2.19.jar:6.2.19]
	at org.springframework.beans.factory.support.DefaultSingletonBeanRegistry.getSingleton(DefaultSingletonBeanRegistry.java:373) ~[spring-beans-6.2.19.jar:6.2.19]
	at org.springframework.beans.factory.support.AbstractBeanFactory.doGetBean(AbstractBeanFactory.java:337) ~[spring-beans-6.2.19.jar:6.2.19]
	at org.springframework.beans.factory.support.AbstractBeanFactory.getBean(AbstractBeanFactory.java:202) ~[spring-beans-6.2.19.jar:6.2.19]
	at org.springframework.beans.factory.support.DefaultListableBeanFactory.doResolveDependency(DefaultListableBeanFactory.java:1715) ~[spring-beans-6.2.19.jar:6.2.19]
	at org.springframework.beans.factory.support.DefaultListableBeanFactory.resolveDependency(DefaultListableBeanFactory.java:1660) ~[spring-beans-6.2.19.jar:6.2.19]
	at org.springframework.beans.factory.support.ConstructorResolver.resolveAutowiredArgument(ConstructorResolver.java:913) ~[spring-beans-6.2.19.jar:6.2.19]
	at org.springframework.beans.factory.support.ConstructorResolver.createArgumentArray(ConstructorResolver.java:791) ~[spring-beans-6.2.19.jar:6.2.19]
	... 35 common frames omitted
Caused by: org.springframework.data.repository.query.QueryCreationException: Could not create query for public abstract java.util.List com.kb.gallery.item.repository.ItemRepository.findAllById(java.util.List); Reason: Failed to create query for method public abstract java.util.List com.kb.gallery.item.repository.ItemRepository.findAllById(java.util.List); Operator SIMPLE_PROPERTY on id requires a scalar argument, found interface java.util.List in method public abstract java.util.List com.kb.gallery.item.repository.ItemRepository.findAllById(java.util.List)
	at org.springframework.data.repository.query.QueryCreationException.create(QueryCreationException.java:101) ~[spring-data-commons-3.5.13.jar:3.5.13]
	at org.springframework.data.repository.core.support.QueryExecutorMethodInterceptor.lookupQuery(QueryExecutorMethodInterceptor.java:120) ~[spring-data-commons-3.5.13.jar:3.5.13]
	at org.springframework.data.repository.core.support.QueryExecutorMethodInterceptor.mapMethodsToQuery(QueryExecutorMethodInterceptor.java:104) ~[spring-data-commons-3.5.13.jar:3.5.13]
	at org.springframework.data.repository.core.support.QueryExecutorMethodInterceptor.lambda$new$0(QueryExecutorMethodInterceptor.java:92) ~[spring-data-commons-3.5.13.jar:3.5.13]
	at java.base/java.util.Optional.map(Optional.java:260) ~[na:na]
	at org.springframework.data.repository.core.support.QueryExecutorMethodInterceptor.<init>(QueryExecutorMethodInterceptor.java:92) ~[spring-data-commons-3.5.13.jar:3.5.13]
	at org.springframework.data.repository.core.support.RepositoryFactorySupport.getRepository(RepositoryFactorySupport.java:434) ~[spring-data-commons-3.5.13.jar:3.5.13]
	at org.springframework.data.repository.core.support.RepositoryFactoryBeanSupport.lambda$afterPropertiesSet$4(RepositoryFactoryBeanSupport.java:355) ~[spring-data-commons-3.5.13.jar:3.5.13]
	at org.springframework.data.util.Lazy.getNullable(Lazy.java:135) ~[spring-data-commons-3.5.13.jar:3.5.13]
	at org.springframework.data.util.Lazy.get(Lazy.java:113) ~[spring-data-commons-3.5.13.jar:3.5.13]
	at org.springframework.data.repository.core.support.RepositoryFactoryBeanSupport.afterPropertiesSet(RepositoryFactoryBeanSupport.java:361) ~[spring-data-commons-3.5.13.jar:3.5.13]
	at org.springframework.data.jpa.repository.support.JpaRepositoryFactoryBean.afterPropertiesSet(JpaRepositoryFactoryBean.java:132) ~[spring-data-jpa-3.5.13.jar:3.5.13]
	at org.springframework.beans.factory.support.AbstractAutowireCapableBeanFactory.invokeInitMethods(AbstractAutowireCapableBeanFactory.java:1871) ~[spring-beans-6.2.19.jar:6.2.19]
	at org.springframework.beans.factory.support.AbstractAutowireCapableBeanFactory.initializeBean(AbstractAutowireCapableBeanFactory.java:1820) ~[spring-beans-6.2.19.jar:6.2.19]
	... 45 common frames omitted
Caused by: java.lang.IllegalArgumentException: Failed to create query for method public abstract java.util.List com.kb.gallery.item.repository.ItemRepository.findAllById(java.util.List); Operator SIMPLE_PROPERTY on id requires a scalar argument, found interface java.util.List in method public abstract java.util.List com.kb.gallery.item.repository.ItemRepository.findAllById(java.util.List)
	at org.springframework.data.jpa.repository.query.PartTreeJpaQuery.<init>(PartTreeJpaQuery.java:107) ~[spring-data-jpa-3.5.13.jar:3.5.13]
	at org.springframework.data.jpa.repository.query.JpaQueryLookupStrategy$CreateQueryLookupStrategy.resolveQuery(JpaQueryLookupStrategy.java:128) ~[spring-data-jpa-3.5.13.jar:3.5.13]
	at org.springframework.data.jpa.repository.query.JpaQueryLookupStrategy$CreateIfNotFoundQueryLookupStrategy.resolveQuery(JpaQueryLookupStrategy.java:260) ~[spring-data-jpa-3.5.13.jar:3.5.13]
	at org.springframework.data.jpa.repository.query.JpaQueryLookupStrategy$AbstractQueryLookupStrategy.resolveQuery(JpaQueryLookupStrategy.java:99) ~[spring-data-jpa-3.5.13.jar:3.5.13]
	at org.springframework.data.repository.core.support.QueryExecutorMethodInterceptor.lookupQuery(QueryExecutorMethodInterceptor.java:116) ~[spring-data-commons-3.5.13.jar:3.5.13]
	... 57 common frames omitted
Caused by: java.lang.IllegalStateException: Operator SIMPLE_PROPERTY on id requires a scalar argument, found interface java.util.List in method public abstract java.util.List com.kb.gallery.item.repository.ItemRepository.findAllById(java.util.List)
	at org.springframework.data.jpa.repository.query.PartTreeJpaQuery.throwExceptionOnArgumentMismatch(PartTreeJpaQuery.java:176) ~[spring-data-jpa-3.5.13.jar:3.5.13]
	at org.springframework.data.jpa.repository.query.PartTreeJpaQuery.validate(PartTreeJpaQuery.java:149) ~[spring-data-jpa-3.5.13.jar:3.5.13]
	at org.springframework.data.jpa.repository.query.PartTreeJpaQuery.<init>(PartTreeJpaQuery.java:102) ~[spring-data-jpa-3.5.13.jar:3.5.13]
	... 61 common frames omitted

2026-06-29T17:14:47.956+09:00  INFO 12444 --- [gallery] [main] com.kb.gallery.GalleryApplication        : Starting GalleryApplication using Java 17 with PID 12444 (C:\Users\student\Desktop\DR_workspace\22_spring\gallery\build\classes\java\main started by student in C:\Users\student\Desktop\DR_workspace\22_spring\gallery)
2026-06-29T17:14:47.960+09:00 DEBUG 12444 --- [gallery] [main] com.kb.gallery.GalleryApplication        : Running with Spring Boot v3.5.16, Spring v6.2.19
2026-06-29T17:14:47.961+09:00  INFO 12444 --- [gallery] [main] com.kb.gallery.GalleryApplication        : No active profile set, falling back to 1 default profile: "default"
2026-06-29T17:14:48.596+09:00  INFO 12444 --- [gallery] [main] .s.d.r.c.RepositoryConfigurationDelegate : Bootstrapping Spring Data JPA repositories in DEFAULT mode.
2026-06-29T17:14:48.650+09:00  INFO 12444 --- [gallery] [main] .s.d.r.c.RepositoryConfigurationDelegate : Finished Spring Data repository scanning in 43 ms. Found 1 JPA repository interface.
2026-06-29T17:14:49.033+09:00  INFO 12444 --- [gallery] [main] o.s.b.w.embedded.tomcat.TomcatWebServer  : Tomcat initialized with port 8080 (http)
2026-06-29T17:14:49.045+09:00  INFO 12444 --- [gallery] [main] o.apache.catalina.core.StandardService   : Starting service [Tomcat]
2026-06-29T17:14:49.045+09:00  INFO 12444 --- [gallery] [main] o.apache.catalina.core.StandardEngine    : Starting Servlet engine: [Apache Tomcat/10.1.55]
2026-06-29T17:14:49.093+09:00  INFO 12444 --- [gallery] [main] o.a.c.c.C.[Tomcat].[localhost].[/]       : Initializing Spring embedded WebApplicationContext
2026-06-29T17:14:49.093+09:00  INFO 12444 --- [gallery] [main] w.s.c.ServletWebServerApplicationContext : Root WebApplicationContext: initialization completed in 1081 ms
2026-06-29T17:14:49.221+09:00  INFO 12444 --- [gallery] [main] com.zaxxer.hikari.HikariDataSource       : HikariPool-1 - Starting...
2026-06-29T17:14:49.365+09:00  INFO 12444 --- [gallery] [main] com.zaxxer.hikari.pool.HikariPool        : HikariPool-1 - Added connection com.mysql.cj.jdbc.ConnectionImpl@73ca34e7
2026-06-29T17:14:49.366+09:00  INFO 12444 --- [gallery] [main] com.zaxxer.hikari.HikariDataSource       : HikariPool-1 - Start completed.
2026-06-29T17:14:49.395+09:00  INFO 12444 --- [gallery] [main] o.hibernate.jpa.internal.util.LogHelper  : HHH000204: Processing PersistenceUnitInfo [name: default]
2026-06-29T17:14:49.456+09:00  INFO 12444 --- [gallery] [main] org.hibernate.Version                    : HHH000412: Hibernate ORM core version 6.6.53.Final
2026-06-29T17:14:49.501+09:00  INFO 12444 --- [gallery] [main] o.h.c.internal.RegionFactoryInitiator    : HHH000026: Second-level cache disabled
2026-06-29T17:14:49.804+09:00  INFO 12444 --- [gallery] [main] o.s.o.j.p.SpringPersistenceUnitInfo      : No LoadTimeWeaver setup: ignoring JPA class transformer
2026-06-29T17:14:49.889+09:00  INFO 12444 --- [gallery] [main] org.hibernate.orm.connections.pooling    : HHH10001005: Database info:
	Database JDBC URL [Connecting through datasource 'HikariDataSource (HikariPool-1)']
	Database driver: undefined/unknown
	Database version: 8.0.33
	Autocommit mode: undefined/unknown
	Isolation level: undefined/unknown
	Minimum pool size: undefined/unknown
	Maximum pool size: undefined/unknown
2026-06-29T17:14:50.553+09:00  INFO 12444 --- [gallery] [main] o.h.e.t.j.p.i.JtaPlatformInitiator       : HHH000489: No JTA platform available (set 'hibernate.transaction.jta.platform' to enable JTA platform integration)
2026-06-29T17:14:50.556+09:00  INFO 12444 --- [gallery] [main] j.LocalContainerEntityManagerFactoryBean : Initialized JPA EntityManagerFactory for persistence unit 'default'
2026-06-29T17:14:50.711+09:00  WARN 12444 --- [gallery] [main] JpaBaseConfiguration$JpaWebConfiguration : spring.jpa.open-in-view is enabled by default. Therefore, database queries may be performed during view rendering. Explicitly configure spring.jpa.open-in-view to disable this warning
2026-06-29T17:14:51.013+09:00  INFO 12444 --- [gallery] [main] o.s.b.w.embedded.tomcat.TomcatWebServer  : Tomcat started on port 8080 (http) with context path '/'
2026-06-29T17:14:51.020+09:00  INFO 12444 --- [gallery] [main] com.kb.gallery.GalleryApplication        : Started GalleryApplication in 3.572 seconds (process running for 4.123)
2026-06-29T17:23:59.925+09:00  INFO 12444 --- [gallery] [SpringApplicationShutdownHook] o.s.b.w.e.tomcat.GracefulShutdown        : Commencing graceful shutdown. Waiting for active requests to complete
2026-06-29T17:24:00.086+09:00  INFO 12444 --- [gallery] [tomcat-shutdown] o.s.b.w.e.tomcat.GracefulShutdown        : Graceful shutdown complete
2026-06-29T17:24:00.089+09:00  INFO 12444 --- [gallery] [SpringApplicationShutdownHook] j.LocalContainerEntityManagerFactoryBean : Closing JPA EntityManagerFactory for persistence unit 'default'
2026-06-29T17:24:00.091+09:00  INFO 12444 --- [gallery] [SpringApplicationShutdownHook] com.zaxxer.hikari.HikariDataSource       : HikariPool-1 - Shutdown initiated...
2026-06-29T17:24:00.098+09:00  INFO 12444 --- [gallery] [SpringApplicationShutdownHook] com.zaxxer.hikari.HikariDataSource       : HikariPool-1 - Shutdown completed.
2026-06-29T17:25:57.311+09:00  INFO 18100 --- [gallery] [main] com.kb.gallery.GalleryApplication        : Starting GalleryApplication using Java 17 with PID 18100 (C:\Users\student\Desktop\DR_workspace\22_spring\gallery\build\classes\java\main started by student in C:\Users\student\Desktop\DR_workspace\22_spring\gallery)
2026-06-29T17:25:57.314+09:00 DEBUG 18100 --- [gallery] [main] com.kb.gallery.GalleryApplication        : Running with Spring Boot v3.5.16, Spring v6.2.19
2026-06-29T17:25:57.315+09:00  INFO 18100 --- [gallery] [main] com.kb.gallery.GalleryApplication        : No active profile set, falling back to 1 default profile: "default"
2026-06-29T17:25:57.915+09:00  INFO 18100 --- [gallery] [main] .s.d.r.c.RepositoryConfigurationDelegate : Bootstrapping Spring Data JPA repositories in DEFAULT mode.
2026-06-29T17:25:57.965+09:00  INFO 18100 --- [gallery] [main] .s.d.r.c.RepositoryConfigurationDelegate : Finished Spring Data repository scanning in 41 ms. Found 1 JPA repository interface.
2026-06-29T17:25:58.329+09:00  INFO 18100 --- [gallery] [main] o.s.b.w.embedded.tomcat.TomcatWebServer  : Tomcat initialized with port 8080 (http)
2026-06-29T17:25:58.341+09:00  INFO 18100 --- [gallery] [main] o.apache.catalina.core.StandardService   : Starting service [Tomcat]
2026-06-29T17:25:58.341+09:00  INFO 18100 --- [gallery] [main] o.apache.catalina.core.StandardEngine    : Starting Servlet engine: [Apache Tomcat/10.1.55]
2026-06-29T17:25:58.385+09:00  INFO 18100 --- [gallery] [main] o.a.c.c.C.[Tomcat].[localhost].[/]       : Initializing Spring embedded WebApplicationContext
2026-06-29T17:25:58.385+09:00  INFO 18100 --- [gallery] [main] w.s.c.ServletWebServerApplicationContext : Root WebApplicationContext: initialization completed in 1038 ms
2026-06-29T17:25:58.503+09:00  INFO 18100 --- [gallery] [main] com.zaxxer.hikari.HikariDataSource       : HikariPool-1 - Starting...
2026-06-29T17:25:58.639+09:00  INFO 18100 --- [gallery] [main] com.zaxxer.hikari.pool.HikariPool        : HikariPool-1 - Added connection com.mysql.cj.jdbc.ConnectionImpl@3d9f0a5
2026-06-29T17:25:58.640+09:00  INFO 18100 --- [gallery] [main] com.zaxxer.hikari.HikariDataSource       : HikariPool-1 - Start completed.
2026-06-29T17:25:58.670+09:00  INFO 18100 --- [gallery] [main] o.hibernate.jpa.internal.util.LogHelper  : HHH000204: Processing PersistenceUnitInfo [name: default]
2026-06-29T17:25:58.715+09:00  INFO 18100 --- [gallery] [main] org.hibernate.Version                    : HHH000412: Hibernate ORM core version 6.6.53.Final
2026-06-29T17:25:58.743+09:00  INFO 18100 --- [gallery] [main] o.h.c.internal.RegionFactoryInitiator    : HHH000026: Second-level cache disabled
2026-06-29T17:25:59.013+09:00  INFO 18100 --- [gallery] [main] o.s.o.j.p.SpringPersistenceUnitInfo      : No LoadTimeWeaver setup: ignoring JPA class transformer
2026-06-29T17:25:59.107+09:00  INFO 18100 --- [gallery] [main] org.hibernate.orm.connections.pooling    : HHH10001005: Database info:
	Database JDBC URL [Connecting through datasource 'HikariDataSource (HikariPool-1)']
	Database driver: undefined/unknown
	Database version: 8.0.33
	Autocommit mode: undefined/unknown
	Isolation level: undefined/unknown
	Minimum pool size: undefined/unknown
	Maximum pool size: undefined/unknown
2026-06-29T17:25:59.759+09:00  INFO 18100 --- [gallery] [main] o.h.e.t.j.p.i.JtaPlatformInitiator       : HHH000489: No JTA platform available (set 'hibernate.transaction.jta.platform' to enable JTA platform integration)
2026-06-29T17:25:59.762+09:00  INFO 18100 --- [gallery] [main] j.LocalContainerEntityManagerFactoryBean : Initialized JPA EntityManagerFactory for persistence unit 'default'
2026-06-29T17:26:00.015+09:00  WARN 18100 --- [gallery] [main] JpaBaseConfiguration$JpaWebConfiguration : spring.jpa.open-in-view is enabled by default. Therefore, database queries may be performed during view rendering. Explicitly configure spring.jpa.open-in-view to disable this warning
2026-06-29T17:26:00.303+09:00  INFO 18100 --- [gallery] [main] o.s.b.w.embedded.tomcat.TomcatWebServer  : Tomcat started on port 8080 (http) with context path '/'
2026-06-29T17:26:00.310+09:00  INFO 18100 --- [gallery] [main] com.kb.gallery.GalleryApplication        : Started GalleryApplication in 3.436 seconds (process running for 3.94)
2026-06-29T17:26:07.826+09:00  INFO 18100 --- [gallery] [http-nio-8080-exec-1] o.a.c.c.C.[Tomcat].[localhost].[/]       : Initializing Spring DispatcherServlet 'dispatcherServlet'
2026-06-29T17:26:07.826+09:00  INFO 18100 --- [gallery] [http-nio-8080-exec-1] o.s.web.servlet.DispatcherServlet        : Initializing Servlet 'dispatcherServlet'
2026-06-29T17:26:07.827+09:00  INFO 18100 --- [gallery] [http-nio-8080-exec-1] o.s.web.servlet.DispatcherServlet        : Completed initialization in 1 ms
2026-06-29T17:26:37.272+09:00 DEBUG 18100 --- [gallery] [http-nio-8080-exec-4] org.hibernate.SQL                        : 
    select
        i1_0.id,
        i1_0.created,
        i1_0.discount_per,
        i1_0.img_path,
        i1_0.name,
        i1_0.price 
    from
        items i1_0
2026-06-29T17:44:59.495+09:00  INFO 18100 --- [gallery] [SpringApplicationShutdownHook] o.s.b.w.e.tomcat.GracefulShutdown        : Commencing graceful shutdown. Waiting for active requests to complete
2026-06-29T17:44:59.689+09:00  INFO 18100 --- [gallery] [tomcat-shutdown] o.s.b.w.e.tomcat.GracefulShutdown        : Graceful shutdown complete
2026-06-29T17:44:59.693+09:00  INFO 18100 --- [gallery] [SpringApplicationShutdownHook] j.LocalContainerEntityManagerFactoryBean : Closing JPA EntityManagerFactory for persistence unit 'default'
2026-06-29T17:44:59.696+09:00  INFO 18100 --- [gallery] [SpringApplicationShutdownHook] com.zaxxer.hikari.HikariDataSource       : HikariPool-1 - Shutdown initiated...
2026-06-29T17:44:59.710+09:00  INFO 18100 --- [gallery] [SpringApplicationShutdownHook] com.zaxxer.hikari.HikariDataSource       : HikariPool-1 - Shutdown completed.
2026-06-29T17:45:48.020+09:00  INFO 9996 --- [gallery] [main] com.kb.gallery.GalleryApplication        : Starting GalleryApplication using Java 17 with PID 9996 (C:\Users\student\Desktop\DR_workspace\22_spring\gallery\build\classes\java\main started by student in C:\Users\student\Desktop\DR_workspace\22_spring\gallery)
2026-06-29T17:45:48.022+09:00 DEBUG 9996 --- [gallery] [main] com.kb.gallery.GalleryApplication        : Running with Spring Boot v3.5.16, Spring v6.2.19
2026-06-29T17:45:48.023+09:00  INFO 9996 --- [gallery] [main] com.kb.gallery.GalleryApplication        : No active profile set, falling back to 1 default profile: "default"
2026-06-29T17:45:48.644+09:00  INFO 9996 --- [gallery] [main] .s.d.r.c.RepositoryConfigurationDelegate : Bootstrapping Spring Data JPA repositories in DEFAULT mode.
2026-06-29T17:45:48.697+09:00  INFO 9996 --- [gallery] [main] .s.d.r.c.RepositoryConfigurationDelegate : Finished Spring Data repository scanning in 45 ms. Found 2 JPA repository interfaces.
2026-06-29T17:45:49.092+09:00  INFO 9996 --- [gallery] [main] o.s.b.w.embedded.tomcat.TomcatWebServer  : Tomcat initialized with port 8080 (http)
2026-06-29T17:45:49.106+09:00  INFO 9996 --- [gallery] [main] o.apache.catalina.core.StandardService   : Starting service [Tomcat]
2026-06-29T17:45:49.108+09:00  INFO 9996 --- [gallery] [main] o.apache.catalina.core.StandardEngine    : Starting Servlet engine: [Apache Tomcat/10.1.55]
2026-06-29T17:45:49.168+09:00  INFO 9996 --- [gallery] [main] o.a.c.c.C.[Tomcat].[localhost].[/]       : Initializing Spring embedded WebApplicationContext
2026-06-29T17:45:49.169+09:00  INFO 9996 --- [gallery] [main] w.s.c.ServletWebServerApplicationContext : Root WebApplicationContext: initialization completed in 1109 ms
2026-06-29T17:45:49.285+09:00  INFO 9996 --- [gallery] [main] com.zaxxer.hikari.HikariDataSource       : HikariPool-1 - Starting...
2026-06-29T17:45:49.420+09:00  INFO 9996 --- [gallery] [main] com.zaxxer.hikari.pool.HikariPool        : HikariPool-1 - Added connection com.mysql.cj.jdbc.ConnectionImpl@4c531172
2026-06-29T17:45:49.422+09:00  INFO 9996 --- [gallery] [main] com.zaxxer.hikari.HikariDataSource       : HikariPool-1 - Start completed.
2026-06-29T17:45:49.450+09:00  INFO 9996 --- [gallery] [main] o.hibernate.jpa.internal.util.LogHelper  : HHH000204: Processing PersistenceUnitInfo [name: default]
2026-06-29T17:45:49.494+09:00  INFO 9996 --- [gallery] [main] org.hibernate.Version                    : HHH000412: Hibernate ORM core version 6.6.53.Final
2026-06-29T17:45:49.529+09:00  INFO 9996 --- [gallery] [main] o.h.c.internal.RegionFactoryInitiator    : HHH000026: Second-level cache disabled
2026-06-29T17:45:49.803+09:00  INFO 9996 --- [gallery] [main] o.s.o.j.p.SpringPersistenceUnitInfo      : No LoadTimeWeaver setup: ignoring JPA class transformer
2026-06-29T17:45:49.888+09:00  INFO 9996 --- [gallery] [main] org.hibernate.orm.connections.pooling    : HHH10001005: Database info:
	Database JDBC URL [Connecting through datasource 'HikariDataSource (HikariPool-1)']
	Database driver: undefined/unknown
	Database version: 8.0.33
	Autocommit mode: undefined/unknown
	Isolation level: undefined/unknown
	Minimum pool size: undefined/unknown
	Maximum pool size: undefined/unknown
2026-06-29T17:45:50.614+09:00  INFO 9996 --- [gallery] [main] o.h.e.t.j.p.i.JtaPlatformInitiator       : HHH000489: No JTA platform available (set 'hibernate.transaction.jta.platform' to enable JTA platform integration)
2026-06-29T17:45:50.617+09:00  INFO 9996 --- [gallery] [main] j.LocalContainerEntityManagerFactoryBean : Initialized JPA EntityManagerFactory for persistence unit 'default'
2026-06-29T17:45:50.969+09:00  WARN 9996 --- [gallery] [main] JpaBaseConfiguration$JpaWebConfiguration : spring.jpa.open-in-view is enabled by default. Therefore, database queries may be performed during view rendering. Explicitly configure spring.jpa.open-in-view to disable this warning
2026-06-29T17:45:51.279+09:00  INFO 9996 --- [gallery] [main] o.s.b.w.embedded.tomcat.TomcatWebServer  : Tomcat started on port 8080 (http) with context path '/'
2026-06-29T17:45:51.286+09:00  INFO 9996 --- [gallery] [main] com.kb.gallery.GalleryApplication        : Started GalleryApplication in 3.732 seconds (process running for 4.236)
2026-06-29T17:53:45.551+09:00  INFO 9996 --- [gallery] [SpringApplicationShutdownHook] o.s.b.w.e.tomcat.GracefulShutdown        : Commencing graceful shutdown. Waiting for active requests to complete
2026-06-29T17:53:45.727+09:00  INFO 9996 --- [gallery] [tomcat-shutdown] o.s.b.w.e.tomcat.GracefulShutdown        : Graceful shutdown complete
2026-06-29T17:53:45.731+09:00  INFO 9996 --- [gallery] [SpringApplicationShutdownHook] j.LocalContainerEntityManagerFactoryBean : Closing JPA EntityManagerFactory for persistence unit 'default'
2026-06-29T17:53:45.734+09:00  INFO 9996 --- [gallery] [SpringApplicationShutdownHook] com.zaxxer.hikari.HikariDataSource       : HikariPool-1 - Shutdown initiated...
2026-06-29T17:53:45.744+09:00  INFO 9996 --- [gallery] [SpringApplicationShutdownHook] com.zaxxer.hikari.HikariDataSource       : HikariPool-1 - Shutdown completed.
